<?xml version="1.0" encoding="UTF-8"?>
<!-- Generated by org.testng.reporters.JUnitXMLReporter -->
<testsuite hostname="ASDA0081" name="Default test" tests="16" failures="0" timestamp="16 Jul 2018 07:12:07 GMT" time="5.701" errors="0">
  <testcase name="test01HomePage" time="3.008" classname="com.qait.ReqRes.SeleniumGrid.NewTest"/>
  <testcase name="test02ListUsers" time="0.177" classname="com.qait.ReqRes.SeleniumGrid.NewTest"/>
  <testcase name="test03SingleUsers" time="0.132" classname="com.qait.ReqRes.SeleniumGrid.NewTest"/>
  <testcase name="test04SingleUserNotFound" time="0.132" classname="com.qait.ReqRes.SeleniumGrid.NewTest"/>
  <testcase name="test05ListUser" time="0.109" classname="com.qait.ReqRes.SeleniumGrid.NewTest"/>
  <testcase name="test06SingleUser" time="0.112" classname="com.qait.ReqRes.SeleniumGrid.NewTest"/>
  <testcase name="test07SingleResourceNotfound" time="0.133" classname="com.qait.ReqRes.SeleniumGrid.NewTest"/>
  <testcase name="test08Post" time="0.127" classname="com.qait.ReqRes.SeleniumGrid.NewTest"/>
  <testcase name="test09Put" time="0.131" classname="com.qait.ReqRes.SeleniumGrid.NewTest"/>
  <testcase name="test10Patch" time="0.127" classname="com.qait.ReqRes.SeleniumGrid.NewTest"/>
  <testcase name="test11Delete" time="0.129" classname="com.qait.ReqRes.SeleniumGrid.NewTest"/>
  <testcase name="test12PostRegisterSuccessful" time="0.12" classname="com.qait.ReqRes.SeleniumGrid.NewTest"/>
  <testcase name="test13PostRegisterUnSuccessful" time="0.114" classname="com.qait.ReqRes.SeleniumGrid.NewTest"/>
  <testcase name="test14LoginSuccessful" time="0.125" classname="com.qait.ReqRes.SeleniumGrid.NewTest"/>
  <testcase name="test15LoginUnSuccessful" time="0.129" classname="com.qait.ReqRes.SeleniumGrid.NewTest"/>
  <testcase name="test16Delayed" time="0.131" classname="com.qait.ReqRes.SeleniumGrid.NewTest"/>
</testsuite> <!-- Default test -->
